{"C:\\Users\\anike\\Desktop\\Egen_Assignment\\EgenFinalVersion\\Orders_Microservice\\orders_microservice\\server.js": {"path":"C:\\Users\\anike\\Desktop\\Egen_Assignment\\EgenFinalVersion\\Orders_Microservice\\orders_microservice\\server.js","statementMap":{"0":{"start":{"line":1,"column":16},"end":{"line":1,"column":34}},"1":{"start":{"line":2,"column":15},"end":{"line":2,"column":34}},"2":{"start":{"line":3,"column":19},"end":{"line":3,"column":41}},"3":{"start":{"line":4,"column":15},"end":{"line":4,"column":32}},"4":{"start":{"line":6,"column":13},"end":{"line":6,"column":37}},"5":{"start":{"line":7,"column":12},"end":{"line":7,"column":21}},"6":{"start":{"line":8,"column":0},"end":{"line":8,"column":26}},"7":{"start":{"line":9,"column":0},"end":{"line":9,"column":22}},"8":{"start":{"line":11,"column":0},"end":{"line":11,"column":30}},"9":{"start":{"line":12,"column":0},"end":{"line":12,"column":65}},"10":{"start":{"line":12,"column":23},"end":{"line":12,"column":64}},"11":{"start":{"line":14,"column":0},"end":{"line":14,"column":20}}},"fnMap":{"0":{"name":"(anonymous_0)","decl":{"start":{"line":12,"column":17},"end":{"line":12,"column":18}},"loc":{"start":{"line":12,"column":23},"end":{"line":12,"column":64}},"line":12}},"branchMap":{"0":{"loc":{"start":{"line":6,"column":13},"end":{"line":6,"column":37}},"type":"binary-expr","locations":[{"start":{"line":6,"column":13},"end":{"line":6,"column":29}},{"start":{"line":6,"column":33},"end":{"line":6,"column":37}}],"line":6}},"s":{"0":1,"1":1,"2":1,"3":1,"4":1,"5":1,"6":1,"7":1,"8":1,"9":1,"10":1,"11":1},"f":{"0":1},"b":{"0":[1,1]},"_coverageSchema":"1a1c01bbd47fc00a2c39e90264f33305004495a9","hash":"33895089f363c9c6daf63ae402230d2dbd91f3d3"}
,"C:\\Users\\anike\\Desktop\\Egen_Assignment\\EgenFinalVersion\\Orders_Microservice\\orders_microservice\\controllers\\index.js": {"path":"C:\\Users\\anike\\Desktop\\Egen_Assignment\\EgenFinalVersion\\Orders_Microservice\\orders_microservice\\controllers\\index.js","statementMap":{"0":{"start":{"line":1,"column":41},"end":{"line":1,"column":61}},"1":{"start":{"line":2,"column":26},"end":{"line":11,"column":1}},"2":{"start":{"line":3,"column":4},"end":{"line":10,"column":5}},"3":{"start":{"line":4,"column":28},"end":{"line":4,"column":62}},"4":{"start":{"line":5,"column":8},"end":{"line":7,"column":11}},"5":{"start":{"line":9,"column":8},"end":{"line":9,"column":61}},"6":{"start":{"line":13,"column":21},"end":{"line":27,"column":1}},"7":{"start":{"line":14,"column":4},"end":{"line":26,"column":5}},"8":{"start":{"line":15,"column":29},"end":{"line":22,"column":10}},"9":{"start":{"line":23,"column":8},"end":{"line":23,"column":54}},"10":{"start":{"line":25,"column":8},"end":{"line":25,"column":51}},"11":{"start":{"line":29,"column":21},"end":{"line":47,"column":1}},"12":{"start":{"line":30,"column":4},"end":{"line":46,"column":5}},"13":{"start":{"line":31,"column":23},"end":{"line":31,"column":33}},"14":{"start":{"line":32,"column":28},"end":{"line":39,"column":10}},"15":{"start":{"line":40,"column":8},"end":{"line":42,"column":9}},"16":{"start":{"line":41,"column":12},"end":{"line":41,"column":57}},"17":{"start":{"line":43,"column":8},"end":{"line":43,"column":83}},"18":{"start":{"line":45,"column":8},"end":{"line":45,"column":51}},"19":{"start":{"line":49,"column":20},"end":{"line":63,"column":1}},"20":{"start":{"line":50,"column":4},"end":{"line":62,"column":5}},"21":{"start":{"line":51,"column":23},"end":{"line":51,"column":33}},"22":{"start":{"line":52,"column":26},"end":{"line":54,"column":10}},"23":{"start":{"line":55,"column":8},"end":{"line":58,"column":9}},"24":{"start":{"line":56,"column":33},"end":{"line":56,"column":81}},"25":{"start":{"line":57,"column":12},"end":{"line":57,"column":64}},"26":{"start":{"line":59,"column":8},"end":{"line":59,"column":43}},"27":{"start":{"line":61,"column":8},"end":{"line":61,"column":51}},"28":{"start":{"line":65,"column":20},"end":{"line":78,"column":1}},"29":{"start":{"line":66,"column":4},"end":{"line":77,"column":5}},"30":{"start":{"line":67,"column":23},"end":{"line":67,"column":33}},"31":{"start":{"line":68,"column":24},"end":{"line":70,"column":10}},"32":{"start":{"line":71,"column":8},"end":{"line":73,"column":9}},"33":{"start":{"line":72,"column":12},"end":{"line":72,"column":57}},"34":{"start":{"line":74,"column":8},"end":{"line":74,"column":43}},"35":{"start":{"line":76,"column":8},"end":{"line":76,"column":51}},"36":{"start":{"line":80,"column":0},"end":{"line":87,"column":1}}},"fnMap":{"0":{"name":"(anonymous_0)","decl":{"start":{"line":2,"column":26},"end":{"line":2,"column":27}},"loc":{"start":{"line":2,"column":46},"end":{"line":11,"column":1}},"line":2},"1":{"name":"(anonymous_1)","decl":{"start":{"line":13,"column":21},"end":{"line":13,"column":22}},"loc":{"start":{"line":13,"column":41},"end":{"line":27,"column":1}},"line":13},"2":{"name":"(anonymous_2)","decl":{"start":{"line":29,"column":21},"end":{"line":29,"column":22}},"loc":{"start":{"line":29,"column":41},"end":{"line":47,"column":1}},"line":29},"3":{"name":"(anonymous_3)","decl":{"start":{"line":49,"column":20},"end":{"line":49,"column":21}},"loc":{"start":{"line":49,"column":40},"end":{"line":63,"column":1}},"line":49},"4":{"name":"(anonymous_4)","decl":{"start":{"line":65,"column":20},"end":{"line":65,"column":21}},"loc":{"start":{"line":65,"column":40},"end":{"line":78,"column":1}},"line":65}},"branchMap":{"0":{"loc":{"start":{"line":40,"column":8},"end":{"line":42,"column":9}},"type":"if","locations":[{"start":{"line":40,"column":8},"end":{"line":42,"column":9}},{"start":{"line":40,"column":8},"end":{"line":42,"column":9}}],"line":40},"1":{"loc":{"start":{"line":55,"column":8},"end":{"line":58,"column":9}},"type":"if","locations":[{"start":{"line":55,"column":8},"end":{"line":58,"column":9}},{"start":{"line":55,"column":8},"end":{"line":58,"column":9}}],"line":55},"2":{"loc":{"start":{"line":71,"column":8},"end":{"line":73,"column":9}},"type":"if","locations":[{"start":{"line":71,"column":8},"end":{"line":73,"column":9}},{"start":{"line":71,"column":8},"end":{"line":73,"column":9}}],"line":71}},"s":{"0":1,"1":1,"2":1,"3":1,"4":1,"5":0,"6":1,"7":1,"8":1,"9":1,"10":0,"11":1,"12":1,"13":1,"14":1,"15":1,"16":1,"17":0,"18":0,"19":1,"20":1,"21":1,"22":1,"23":1,"24":1,"25":1,"26":0,"27":0,"28":1,"29":1,"30":1,"31":1,"32":1,"33":1,"34":0,"35":0,"36":1},"f":{"0":1,"1":1,"2":1,"3":1,"4":1},"b":{"0":[1,0],"1":[1,0],"2":[1,0]},"_coverageSchema":"1a1c01bbd47fc00a2c39e90264f33305004495a9","hash":"232db5499386a5d4af0938404489cea83f7a91ba"}
,"C:\\Users\\anike\\Desktop\\Egen_Assignment\\EgenFinalVersion\\Orders_Microservice\\orders_microservice\\models\\billing_info.js": {"path":"C:\\Users\\anike\\Desktop\\Egen_Assignment\\EgenFinalVersion\\Orders_Microservice\\orders_microservice\\models\\billing_info.js","statementMap":{"0":{"start":{"line":4,"column":4},"end":{"line":4,"column":24}},"1":{"start":{"line":5,"column":0},"end":{"line":29,"column":2}},"2":{"start":{"line":6,"column":23},"end":{"line":20,"column":8}},"3":{"start":{"line":21,"column":2},"end":{"line":27,"column":4}},"4":{"start":{"line":23,"column":4},"end":{"line":26,"column":6}},"5":{"start":{"line":28,"column":2},"end":{"line":28,"column":22}}},"fnMap":{"0":{"name":"(anonymous_0)","decl":{"start":{"line":5,"column":17},"end":{"line":5,"column":18}},"loc":{"start":{"line":5,"column":43},"end":{"line":29,"column":1}},"line":5},"1":{"name":"(anonymous_1)","decl":{"start":{"line":21,"column":27},"end":{"line":21,"column":28}},"loc":{"start":{"line":21,"column":44},"end":{"line":27,"column":3}},"line":21}},"branchMap":{},"s":{"0":1,"1":1,"2":1,"3":1,"4":1,"5":1},"f":{"0":1,"1":1},"b":{},"_coverageSchema":"1a1c01bbd47fc00a2c39e90264f33305004495a9","hash":"5b4b1bcc3ab017c2b7bee2e8cee825073734ab7b"}
,"C:\\Users\\anike\\Desktop\\Egen_Assignment\\EgenFinalVersion\\Orders_Microservice\\orders_microservice\\models\\index.js": {"path":"C:\\Users\\anike\\Desktop\\Egen_Assignment\\EgenFinalVersion\\Orders_Microservice\\orders_microservice\\models\\index.js","statementMap":{"0":{"start":{"line":3,"column":11},"end":{"line":3,"column":24}},"1":{"start":{"line":4,"column":13},"end":{"line":4,"column":28}},"2":{"start":{"line":5,"column":18},"end":{"line":5,"column":38}},"3":{"start":{"line":6,"column":17},"end":{"line":6,"column":42}},"4":{"start":{"line":7,"column":12},"end":{"line":7,"column":49}},"5":{"start":{"line":8,"column":15},"end":{"line":8,"column":65}},"6":{"start":{"line":9,"column":11},"end":{"line":9,"column":13}},"7":{"start":{"line":12,"column":0},"end":{"line":16,"column":1}},"8":{"start":{"line":13,"column":2},"end":{"line":13,"column":74}},"9":{"start":{"line":15,"column":2},"end":{"line":15,"column":87}},"10":{"start":{"line":18,"column":0},"end":{"line":26,"column":5}},"11":{"start":{"line":21,"column":4},"end":{"line":21,"column":90}},"12":{"start":{"line":24,"column":18},"end":{"line":24,"column":85}},"13":{"start":{"line":25,"column":4},"end":{"line":25,"column":27}},"14":{"start":{"line":28,"column":0},"end":{"line":32,"column":3}},"15":{"start":{"line":29,"column":2},"end":{"line":31,"column":3}},"16":{"start":{"line":30,"column":4},"end":{"line":30,"column":32}},"17":{"start":{"line":34,"column":0},"end":{"line":34,"column":25}},"18":{"start":{"line":35,"column":0},"end":{"line":35,"column":25}},"19":{"start":{"line":37,"column":0},"end":{"line":37,"column":20}}},"fnMap":{"0":{"name":"(anonymous_0)","decl":{"start":{"line":20,"column":10},"end":{"line":20,"column":11}},"loc":{"start":{"line":20,"column":18},"end":{"line":22,"column":3}},"line":20},"1":{"name":"(anonymous_1)","decl":{"start":{"line":23,"column":11},"end":{"line":23,"column":12}},"loc":{"start":{"line":23,"column":19},"end":{"line":26,"column":3}},"line":23},"2":{"name":"(anonymous_2)","decl":{"start":{"line":28,"column":24},"end":{"line":28,"column":25}},"loc":{"start":{"line":28,"column":37},"end":{"line":32,"column":1}},"line":28}},"branchMap":{"0":{"loc":{"start":{"line":7,"column":12},"end":{"line":7,"column":49}},"type":"binary-expr","locations":[{"start":{"line":7,"column":12},"end":{"line":7,"column":32}},{"start":{"line":7,"column":36},"end":{"line":7,"column":49}}],"line":7},"1":{"loc":{"start":{"line":12,"column":0},"end":{"line":16,"column":1}},"type":"if","locations":[{"start":{"line":12,"column":0},"end":{"line":16,"column":1}},{"start":{"line":12,"column":0},"end":{"line":16,"column":1}}],"line":12},"2":{"loc":{"start":{"line":21,"column":11},"end":{"line":21,"column":89}},"type":"binary-expr","locations":[{"start":{"line":21,"column":12},"end":{"line":21,"column":35}},{"start":{"line":21,"column":41},"end":{"line":21,"column":58}},{"start":{"line":21,"column":64},"end":{"line":21,"column":88}}],"line":21},"3":{"loc":{"start":{"line":29,"column":2},"end":{"line":31,"column":3}},"type":"if","locations":[{"start":{"line":29,"column":2},"end":{"line":31,"column":3}},{"start":{"line":29,"column":2},"end":{"line":31,"column":3}}],"line":29}},"s":{"0":1,"1":1,"2":1,"3":1,"4":1,"5":1,"6":1,"7":1,"8":0,"9":1,"10":1,"11":6,"12":5,"13":5,"14":1,"15":5,"16":5,"17":1,"18":1,"19":1},"f":{"0":6,"1":5,"2":5},"b":{"0":[1,0],"1":[0,1],"2":[6,6,5],"3":[5,0]},"_coverageSchema":"1a1c01bbd47fc00a2c39e90264f33305004495a9","hash":"91446ee24bc0f4ecddc4fa4fcc6c1e007d4acb34"}
,"C:\\Users\\anike\\Desktop\\Egen_Assignment\\EgenFinalVersion\\Orders_Microservice\\orders_microservice\\models\\orderitem_info.js": {"path":"C:\\Users\\anike\\Desktop\\Egen_Assignment\\EgenFinalVersion\\Orders_Microservice\\orders_microservice\\models\\orderitem_info.js","statementMap":{"0":{"start":{"line":4,"column":4},"end":{"line":4,"column":24}},"1":{"start":{"line":5,"column":0},"end":{"line":42,"column":2}},"2":{"start":{"line":6,"column":25},"end":{"line":22,"column":8}},"3":{"start":{"line":24,"column":2},"end":{"line":39,"column":4}},"4":{"start":{"line":26,"column":4},"end":{"line":38,"column":6}},"5":{"start":{"line":41,"column":2},"end":{"line":41,"column":24}}},"fnMap":{"0":{"name":"(anonymous_0)","decl":{"start":{"line":5,"column":17},"end":{"line":5,"column":18}},"loc":{"start":{"line":5,"column":43},"end":{"line":42,"column":1}},"line":5},"1":{"name":"(anonymous_1)","decl":{"start":{"line":24,"column":29},"end":{"line":24,"column":30}},"loc":{"start":{"line":24,"column":46},"end":{"line":39,"column":3}},"line":24}},"branchMap":{},"s":{"0":1,"1":1,"2":1,"3":1,"4":1,"5":1},"f":{"0":1,"1":1},"b":{},"_coverageSchema":"1a1c01bbd47fc00a2c39e90264f33305004495a9","hash":"ecc21a0e97335b1f8d83475b5a31ed180dceaa32"}
,"C:\\Users\\anike\\Desktop\\Egen_Assignment\\EgenFinalVersion\\Orders_Microservice\\orders_microservice\\models\\orders_info.js": {"path":"C:\\Users\\anike\\Desktop\\Egen_Assignment\\EgenFinalVersion\\Orders_Microservice\\orders_microservice\\models\\orders_info.js","statementMap":{"0":{"start":{"line":4,"column":4},"end":{"line":4,"column":24}},"1":{"start":{"line":5,"column":0},"end":{"line":18,"column":2}},"2":{"start":{"line":6,"column":22},"end":{"line":10,"column":8}},"3":{"start":{"line":11,"column":2},"end":{"line":16,"column":4}},"4":{"start":{"line":13,"column":4},"end":{"line":15,"column":6}},"5":{"start":{"line":17,"column":2},"end":{"line":17,"column":21}}},"fnMap":{"0":{"name":"(anonymous_0)","decl":{"start":{"line":5,"column":17},"end":{"line":5,"column":18}},"loc":{"start":{"line":5,"column":43},"end":{"line":18,"column":1}},"line":5},"1":{"name":"(anonymous_1)","decl":{"start":{"line":11,"column":26},"end":{"line":11,"column":27}},"loc":{"start":{"line":11,"column":42},"end":{"line":16,"column":3}},"line":11}},"branchMap":{},"s":{"0":1,"1":1,"2":1,"3":1,"4":1,"5":1},"f":{"0":1,"1":1},"b":{},"_coverageSchema":"1a1c01bbd47fc00a2c39e90264f33305004495a9","hash":"55f0f1d82f8650ad8b017d1270aa3d880f3cca1e"}
,"C:\\Users\\anike\\Desktop\\Egen_Assignment\\EgenFinalVersion\\Orders_Microservice\\orders_microservice\\models\\payment_info.js": {"path":"C:\\Users\\anike\\Desktop\\Egen_Assignment\\EgenFinalVersion\\Orders_Microservice\\orders_microservice\\models\\payment_info.js","statementMap":{"0":{"start":{"line":4,"column":4},"end":{"line":4,"column":24}},"1":{"start":{"line":5,"column":0},"end":{"line":29,"column":2}},"2":{"start":{"line":6,"column":23},"end":{"line":20,"column":8}},"3":{"start":{"line":21,"column":2},"end":{"line":27,"column":4}},"4":{"start":{"line":23,"column":4},"end":{"line":26,"column":6}},"5":{"start":{"line":28,"column":2},"end":{"line":28,"column":22}}},"fnMap":{"0":{"name":"(anonymous_0)","decl":{"start":{"line":5,"column":17},"end":{"line":5,"column":18}},"loc":{"start":{"line":5,"column":43},"end":{"line":29,"column":1}},"line":5},"1":{"name":"(anonymous_1)","decl":{"start":{"line":21,"column":27},"end":{"line":21,"column":28}},"loc":{"start":{"line":21,"column":44},"end":{"line":27,"column":3}},"line":21}},"branchMap":{},"s":{"0":1,"1":1,"2":1,"3":1,"4":1,"5":1},"f":{"0":1,"1":1},"b":{},"_coverageSchema":"1a1c01bbd47fc00a2c39e90264f33305004495a9","hash":"1afec3f91e4f1aebad6cef5f768c2d0e37ebdacd"}
,"C:\\Users\\anike\\Desktop\\Egen_Assignment\\EgenFinalVersion\\Orders_Microservice\\orders_microservice\\models\\shipping_info.js": {"path":"C:\\Users\\anike\\Desktop\\Egen_Assignment\\EgenFinalVersion\\Orders_Microservice\\orders_microservice\\models\\shipping_info.js","statementMap":{"0":{"start":{"line":4,"column":4},"end":{"line":4,"column":24}},"1":{"start":{"line":5,"column":0},"end":{"line":30,"column":2}},"2":{"start":{"line":6,"column":24},"end":{"line":21,"column":8}},"3":{"start":{"line":22,"column":2},"end":{"line":28,"column":4}},"4":{"start":{"line":24,"column":4},"end":{"line":27,"column":6}},"5":{"start":{"line":29,"column":2},"end":{"line":29,"column":23}}},"fnMap":{"0":{"name":"(anonymous_0)","decl":{"start":{"line":5,"column":17},"end":{"line":5,"column":18}},"loc":{"start":{"line":5,"column":43},"end":{"line":30,"column":1}},"line":5},"1":{"name":"(anonymous_1)","decl":{"start":{"line":22,"column":28},"end":{"line":22,"column":29}},"loc":{"start":{"line":22,"column":45},"end":{"line":28,"column":3}},"line":22}},"branchMap":{},"s":{"0":1,"1":1,"2":1,"3":1,"4":1,"5":1},"f":{"0":1,"1":1},"b":{},"_coverageSchema":"1a1c01bbd47fc00a2c39e90264f33305004495a9","hash":"0497ce902fd3fb0aa28c8c11a86c46d6cbe183cf"}
,"C:\\Users\\anike\\Desktop\\Egen_Assignment\\EgenFinalVersion\\Orders_Microservice\\orders_microservice\\routes\\index.js": {"path":"C:\\Users\\anike\\Desktop\\Egen_Assignment\\EgenFinalVersion\\Orders_Microservice\\orders_microservice\\routes\\index.js","statementMap":{"0":{"start":{"line":1,"column":19},"end":{"line":1,"column":37}},"1":{"start":{"line":2,"column":20},"end":{"line":2,"column":45}},"2":{"start":{"line":3,"column":15},"end":{"line":3,"column":23}},"3":{"start":{"line":4,"column":0},"end":{"line":4,"column":74}},"4":{"start":{"line":4,"column":30},"end":{"line":4,"column":72}},"5":{"start":{"line":6,"column":0},"end":{"line":6,"column":54}},"6":{"start":{"line":7,"column":0},"end":{"line":7,"column":48}},"7":{"start":{"line":8,"column":0},"end":{"line":8,"column":52}},"8":{"start":{"line":9,"column":0},"end":{"line":9,"column":51}},"9":{"start":{"line":10,"column":0},"end":{"line":10,"column":53}},"10":{"start":{"line":14,"column":0},"end":{"line":14,"column":23}}},"fnMap":{"0":{"name":"(anonymous_0)","decl":{"start":{"line":4,"column":16},"end":{"line":4,"column":17}},"loc":{"start":{"line":4,"column":30},"end":{"line":4,"column":72}},"line":4}},"branchMap":{},"s":{"0":1,"1":1,"2":1,"3":1,"4":0,"5":1,"6":1,"7":1,"8":1,"9":1,"10":1},"f":{"0":0},"b":{},"_coverageSchema":"1a1c01bbd47fc00a2c39e90264f33305004495a9","hash":"aea1af903c715b7f60b9897a445494205c8d87a7"}
}
